[11 jun 2024 16:06:02] Building database metadata model
[11 jun 2024 16:06:02] Properties: {partialRefresh=false, processColumnsUsingSelect=, includePrimaryKeys=true, eventSocketClient=com.webratio.commons.net.EventSocketClient@27d54837, includeTables=true, username=admin, outputLogPath=C:\WebRatio\WebRatio Platform 7.2.18.x64bit\workspace\iVolunteer\.Temp~\DB.xml.log, readIndexes=null, driverClass=org.apache.derby.jdbc.ClientDriver, includeSynonyms=true, metaDataProviderClass=com.webratio.commons.db.metadata.DerbyMetaDataProvider, outputPath=C:\WebRatio\WebRatio Platform 7.2.18.x64bit\workspace\iVolunteer\.Temp~\DB.xml, schemaRegex=null, readProcedures=null, includeViews=true, derby.system.home=C:\WebRatio\WebRatio Platform 7.2.18.x64bit\workspace\.metadata\.plugins\com.webratio.commons.db\derby, url=jdbc:derby://localhost:50103/iVolunteer_DB;create=true, tableRegex=null, readSQLDefinitions=true, includeForeignKeys=true, retrieveAllNames=false, tablesToRefresh=, eventSocketPort=53359}
[11 jun 2024 16:06:02] URL: jdbc:derby://localhost:50103/iVolunteer_DB;create=true
[11 jun 2024 16:06:02] Product name: Apache Derby
[11 jun 2024 16:06:02] Product version: 10.5.3.0 - (802917)
[11 jun 2024 16:06:02] Driver name: Apache Derby Network Client JDBC Driver
[11 jun 2024 16:06:02] Driver version: 10.5.3.0 - (802917)
[11 jun 2024 16:06:02] Driver major version: 10
[11 jun 2024 16:06:02] Driver minor version: 5
[11 jun 2024 16:06:02] Identifier quote string: 5
[11 jun 2024 16:06:02] Retrieving schemas
[11 jun 2024 16:06:02]   Found schema: ADMIN
[11 jun 2024 16:06:02]   Found schema: APP
[11 jun 2024 16:06:02]   Found schema: NULLID
[11 jun 2024 16:06:02]   Found schema: SQLJ
[11 jun 2024 16:06:02]   Found schema: SYS
[11 jun 2024 16:06:02]   Found schema: SYSCAT
[11 jun 2024 16:06:02]   Found schema: SYSCS_DIAG
[11 jun 2024 16:06:02]   Found schema: SYSCS_UTIL
[11 jun 2024 16:06:02]   Found schema: SYSFUN
[11 jun 2024 16:06:02]   Found schema: SYSIBM
[11 jun 2024 16:06:02]   Found schema: SYSPROC
[11 jun 2024 16:06:02]   Found schema: SYSSTAT
[11 jun 2024 16:06:02]   Found schema: app
[11 jun 2024 16:06:02] Retrieving [TABLE, VIEW, SYNONYM] for schema 'ADMIN'
[11 jun 2024 16:06:02] Retrieving [TABLE, VIEW, SYNONYM] for schema 'APP'
[11 jun 2024 16:06:02]   Found 'APP.ADMINS' [type = TABLE]
[11 jun 2024 16:06:02]   Found 'APP.CATEGORIES' [type = TABLE]
[11 jun 2024 16:06:02]   Found 'APP.COMPETENCE' [type = TABLE]
[11 jun 2024 16:06:02]   Found 'APP.FEEDBACK' [type = TABLE]
[11 jun 2024 16:06:02]   Found 'APP.GROUP' [type = TABLE]
[11 jun 2024 16:06:02]   Found 'APP.GROUPS' [type = TABLE]
[11 jun 2024 16:06:02]   Found 'APP.GROUP_MODULE' [type = TABLE]
[11 jun 2024 16:06:02]   Found 'APP.GROUP_VOLUNTEER' [type = TABLE]
[11 jun 2024 16:06:02]   Found 'APP.MODULE' [type = TABLE]
[11 jun 2024 16:06:02]   Found 'APP.NON_PROFIT_ORGANIZATION' [type = TABLE]
[11 jun 2024 16:06:02]   Found 'APP.PROJECT' [type = TABLE]
[11 jun 2024 16:06:02]   Found 'APP.PROJECT_NPO' [type = TABLE]
[11 jun 2024 16:06:02]   Found 'APP.REWARDS' [type = TABLE]
[11 jun 2024 16:06:02]   Found 'APP.TASKS' [type = TABLE]
[11 jun 2024 16:06:02]   Found 'APP.TASKS_NPO' [type = TABLE]
[11 jun 2024 16:06:02]   Found 'APP.TASK_VOLUNTEER' [type = TABLE]
[11 jun 2024 16:06:02]   Found 'APP.USER' [type = TABLE]
[11 jun 2024 16:06:02]   Found 'APP.USER_GROUP' [type = TABLE]
[11 jun 2024 16:06:02]   Found 'APP.VOLUNTEER' [type = TABLE]
[11 jun 2024 16:06:02]   Found 'APP.PROJECTIDNAMEANDNPOID' [type = VIEW]
[11 jun 2024 16:06:02] Retrieving [TABLE, VIEW, SYNONYM] for schema 'NULLID'
[11 jun 2024 16:06:02] Retrieving [TABLE, VIEW, SYNONYM] for schema 'SQLJ'
[11 jun 2024 16:06:02] Retrieving [TABLE, VIEW, SYNONYM] for schema 'SYSCAT'
[11 jun 2024 16:06:02] Retrieving [TABLE, VIEW, SYNONYM] for schema 'SYSCS_DIAG'
[11 jun 2024 16:06:02] Retrieving [TABLE, VIEW, SYNONYM] for schema 'SYSCS_UTIL'
[11 jun 2024 16:06:02] Retrieving [TABLE, VIEW, SYNONYM] for schema 'SYSFUN'
[11 jun 2024 16:06:02] Retrieving [TABLE, VIEW, SYNONYM] for schema 'SYSPROC'
[11 jun 2024 16:06:02] Retrieving [TABLE, VIEW, SYNONYM] for schema 'SYSSTAT'
[11 jun 2024 16:06:02] Retrieving [TABLE, VIEW, SYNONYM] for schema 'app'
[11 jun 2024 16:06:02]   Found 'app.ADMINS' [type = TABLE]
[11 jun 2024 16:06:02]   Found 'app.CATEGORIES' [type = TABLE]
[11 jun 2024 16:06:02]   Found 'app.COMPETENCE' [type = TABLE]
[11 jun 2024 16:06:02]   Found 'app.FEEDBACK' [type = TABLE]
[11 jun 2024 16:06:02]   Found 'app.GROUPS' [type = TABLE]
[11 jun 2024 16:06:02]   Found 'app.GROUP_VOLUNTEER' [type = TABLE]
[11 jun 2024 16:06:02]   Found 'app.NON_PROFIT_ORGANIZATION' [type = TABLE]
[11 jun 2024 16:06:02]   Found 'app.PROJECT' [type = TABLE]
[11 jun 2024 16:06:02]   Found 'app.PROJECT_NPO' [type = TABLE]
[11 jun 2024 16:06:02]   Found 'app.REWARDS' [type = TABLE]
[11 jun 2024 16:06:02]   Found 'app.TASKS' [type = TABLE]
[11 jun 2024 16:06:02]   Found 'app.TASKS_NPO' [type = TABLE]
[11 jun 2024 16:06:02]   Found 'app.TASK_VOLUNTEER' [type = TABLE]
[11 jun 2024 16:06:02]   Found 'app.VOLUNTEER' [type = TABLE]
[11 jun 2024 16:06:02] Retrieving columns for 'APP.ADMINS' [type = TABLE]
[11 jun 2024 16:06:02]   Found column: ADMIN_ID [type = INTEGER][SQL/XOPEN type = 4][size = 10][dec. digits = 0]
[11 jun 2024 16:06:02]   Found column: ADMIN_NAME [type = VARCHAR][SQL/XOPEN type = 12][size = 255][dec. digits = 0]
[11 jun 2024 16:06:02]   Found column: ADMIN_PASSWORD [type = VARCHAR][SQL/XOPEN type = 12][size = 255][dec. digits = 0]
[11 jun 2024 16:06:02]   Found column: ADMIN_EMAIL [type = VARCHAR][SQL/XOPEN type = 12][size = 255][dec. digits = 0]
[11 jun 2024 16:06:02] Retrieving primary keys for 'APP.ADMINS' [type = TABLE]
[11 jun 2024 16:06:02]   Found primary key column: ADMIN_ID
[11 jun 2024 16:06:02] Retrieving columns for 'APP.CATEGORIES' [type = TABLE]
[11 jun 2024 16:06:02]   Found column: CATEGORIES_ID [type = INTEGER][SQL/XOPEN type = 4][size = 10][dec. digits = 0]
[11 jun 2024 16:06:02]   Found column: CATEGORIES_VALUES [type = VARCHAR][SQL/XOPEN type = 12][size = 255][dec. digits = 0]
[11 jun 2024 16:06:02] Retrieving primary keys for 'APP.CATEGORIES' [type = TABLE]
[11 jun 2024 16:06:02]   Found primary key column: CATEGORIES_ID
[11 jun 2024 16:06:02] Retrieving columns for 'APP.COMPETENCE' [type = TABLE]
[11 jun 2024 16:06:02]   Found column: COMPETENCE_ID [type = INTEGER][SQL/XOPEN type = 4][size = 10][dec. digits = 0]
[11 jun 2024 16:06:02]   Found column: COMPETENCE_VALUE [type = VARCHAR][SQL/XOPEN type = 12][size = 255][dec. digits = 0]
[11 jun 2024 16:06:02]   Found column: COMPETENCE_DATE_GIVEN [type = TIMESTAMP][SQL/XOPEN type = 93][size = 26][dec. digits = 6]
[11 jun 2024 16:06:02]   Found column: COMPETENCE_TASK_ID [type = INTEGER][SQL/XOPEN type = 4][size = 10][dec. digits = 0]
[11 jun 2024 16:06:02] Retrieving primary keys for 'APP.COMPETENCE' [type = TABLE]
[11 jun 2024 16:06:02]   Found primary key column: COMPETENCE_ID
[11 jun 2024 16:06:02] Retrieving columns for 'APP.FEEDBACK' [type = TABLE]
[11 jun 2024 16:06:02]   Found column: FEEDBACK_ID [type = INTEGER][SQL/XOPEN type = 4][size = 10][dec. digits = 0]
[11 jun 2024 16:06:02]   Found column: FEEDBACK_VOLUNTEER_ID [type = INTEGER][SQL/XOPEN type = 4][size = 10][dec. digits = 0]
[11 jun 2024 16:06:02]   Found column: FEEDBACK_TASK_ID [type = INTEGER][SQL/XOPEN type = 4][size = 10][dec. digits = 0]
[11 jun 2024 16:06:02]   Found column: FEEDBACK_VALUE [type = VARCHAR][SQL/XOPEN type = 12][size = 500][dec. digits = 0]
[11 jun 2024 16:06:02] Retrieving primary keys for 'APP.FEEDBACK' [type = TABLE]
[11 jun 2024 16:06:02]   Found primary key column: FEEDBACK_ID
[11 jun 2024 16:06:02] Retrieving columns for 'APP.GROUP' [type = TABLE]
[11 jun 2024 16:06:02]   Found column: OID [type = INTEGER][SQL/XOPEN type = 4][size = 10][dec. digits = 0]
[11 jun 2024 16:06:02]   Found column: GROUPNAME [type = VARCHAR][SQL/XOPEN type = 12][size = 255][dec. digits = 0]
[11 jun 2024 16:06:02]   Found column: MODULE_OID [type = INTEGER][SQL/XOPEN type = 4][size = 10][dec. digits = 0]
[11 jun 2024 16:06:02] Retrieving primary keys for 'APP.GROUP' [type = TABLE]
[11 jun 2024 16:06:02]   Found primary key column: OID
[11 jun 2024 16:06:02] Retrieving columns for 'APP.GROUPS' [type = TABLE]
[11 jun 2024 16:06:02]   Found column: GROUP_ID [type = INTEGER][SQL/XOPEN type = 4][size = 10][dec. digits = 0]
[11 jun 2024 16:06:02]   Found column: GROUP_NAME [type = VARCHAR][SQL/XOPEN type = 12][size = 255][dec. digits = 0]
[11 jun 2024 16:06:02]   Found column: GROUP_DESCRIPTION [type = VARCHAR][SQL/XOPEN type = 12][size = 500][dec. digits = 0]
[11 jun 2024 16:06:02]   Found column: GROUP_ADDRESS [type = VARCHAR][SQL/XOPEN type = 12][size = 255][dec. digits = 0]
[11 jun 2024 16:06:02] Retrieving primary keys for 'APP.GROUPS' [type = TABLE]
[11 jun 2024 16:06:02]   Found primary key column: GROUP_ID
[11 jun 2024 16:06:02] Retrieving columns for 'APP.GROUP_MODULE' [type = TABLE]
[11 jun 2024 16:06:02]   Found column: GROUP_OID [type = INTEGER][SQL/XOPEN type = 4][size = 10][dec. digits = 0]
[11 jun 2024 16:06:02]   Found column: MODULE_OID [type = INTEGER][SQL/XOPEN type = 4][size = 10][dec. digits = 0]
[11 jun 2024 16:06:02] Retrieving primary keys for 'APP.GROUP_MODULE' [type = TABLE]
[11 jun 2024 16:06:02]   Found primary key column: GROUP_OID
[11 jun 2024 16:06:02]   Found primary key column: MODULE_OID
[11 jun 2024 16:06:02] Retrieving columns for 'APP.GROUP_VOLUNTEER' [type = TABLE]
[11 jun 2024 16:06:02]   Found column: GROUP_ID [type = INTEGER][SQL/XOPEN type = 4][size = 10][dec. digits = 0]
[11 jun 2024 16:06:02]   Found column: VOLUNTEER_ID [type = INTEGER][SQL/XOPEN type = 4][size = 10][dec. digits = 0]
[11 jun 2024 16:06:02] Retrieving primary keys for 'APP.GROUP_VOLUNTEER' [type = TABLE]
[11 jun 2024 16:06:02]   Found primary key column: GROUP_ID
[11 jun 2024 16:06:02] Retrieving columns for 'APP.MODULE' [type = TABLE]
[11 jun 2024 16:06:02]   Found column: OID [type = INTEGER][SQL/XOPEN type = 4][size = 10][dec. digits = 0]
[11 jun 2024 16:06:02]   Found column: MODULEID [type = VARCHAR][SQL/XOPEN type = 12][size = 255][dec. digits = 0]
[11 jun 2024 16:06:02]   Found column: MODULENAME [type = VARCHAR][SQL/XOPEN type = 12][size = 255][dec. digits = 0]
[11 jun 2024 16:06:02] Retrieving primary keys for 'APP.MODULE' [type = TABLE]
[11 jun 2024 16:06:02]   Found primary key column: OID
[11 jun 2024 16:06:02] Retrieving columns for 'APP.NON_PROFIT_ORGANIZATION' [type = TABLE]
[11 jun 2024 16:06:02]   Found column: NPO_ID [type = INTEGER][SQL/XOPEN type = 4][size = 10][dec. digits = 0]
[11 jun 2024 16:06:02]   Found column: NPO_NAME [type = VARCHAR][SQL/XOPEN type = 12][size = 255][dec. digits = 0]
[11 jun 2024 16:06:02]   Found column: NPO_EMAIL [type = VARCHAR][SQL/XOPEN type = 12][size = 255][dec. digits = 0]
[11 jun 2024 16:06:02]   Found column: NPO_PASSWORD [type = VARCHAR][SQL/XOPEN type = 12][size = 255][dec. digits = 0]
[11 jun 2024 16:06:02]   Found column: NPO_PHONENUMBER [type = INTEGER][SQL/XOPEN type = 4][size = 10][dec. digits = 0]
[11 jun 2024 16:06:02]   Found column: NPO_ADDRESS [type = VARCHAR][SQL/XOPEN type = 12][size = 255][dec. digits = 0]
[11 jun 2024 16:06:02]   Found column: NPO_INFORMATION [type = VARCHAR][SQL/XOPEN type = 12][size = 500][dec. digits = 0]
[11 jun 2024 16:06:02]   Found column: NPO_CATEGORY [type = VARCHAR][SQL/XOPEN type = 12][size = 255][dec. digits = 0]
[11 jun 2024 16:06:02] Retrieving primary keys for 'APP.NON_PROFIT_ORGANIZATION' [type = TABLE]
[11 jun 2024 16:06:02]   Found primary key column: NPO_ID
[11 jun 2024 16:06:02] Retrieving columns for 'APP.PROJECT' [type = TABLE]
[11 jun 2024 16:06:02]   Found column: PROJECT_ID [type = INTEGER][SQL/XOPEN type = 4][size = 10][dec. digits = 0]
[11 jun 2024 16:06:02]   Found column: PROJECT_NAME [type = VARCHAR][SQL/XOPEN type = 12][size = 255][dec. digits = 0]
[11 jun 2024 16:06:02]   Found column: PROJECT_DESCRIPTION [type = VARCHAR][SQL/XOPEN type = 12][size = 500][dec. digits = 0]
[11 jun 2024 16:06:02]   Found column: PROJECT_ADDRESS [type = VARCHAR][SQL/XOPEN type = 12][size = 255][dec. digits = 0]
[11 jun 2024 16:06:02]   Found column: PROJECT_LOCATION [type = VARCHAR][SQL/XOPEN type = 12][size = 255][dec. digits = 0]
[11 jun 2024 16:06:02]   Found column: PROJECT_STATUS [type = INTEGER][SQL/XOPEN type = 4][size = 10][dec. digits = 0]
[11 jun 2024 16:06:02]   Found column: PROJECT_CREATED_DATE [type = DATE][SQL/XOPEN type = 91][size = 10][dec. digits = 0]
[11 jun 2024 16:06:02]   Found column: PROJECT_MODIFIED_DATE [type = DATE][SQL/XOPEN type = 91][size = 10][dec. digits = 0]
[11 jun 2024 16:06:02]   Found column: PROJECT_START_DATE [type = DATE][SQL/XOPEN type = 91][size = 10][dec. digits = 0]
[11 jun 2024 16:06:02]   Found column: PROJECT_END_DATE [type = DATE][SQL/XOPEN type = 91][size = 10][dec. digits = 0]
[11 jun 2024 16:06:02]   Found column: PROJECT_REQUIRMENTS [type = VARCHAR][SQL/XOPEN type = 12][size = 255][dec. digits = 0]
[11 jun 2024 16:06:02] Retrieving primary keys for 'APP.PROJECT' [type = TABLE]
[11 jun 2024 16:06:02]   Found primary key column: PROJECT_ID
[11 jun 2024 16:06:02] Retrieving columns for 'APP.PROJECT_NPO' [type = TABLE]
[11 jun 2024 16:06:02]   Found column: PROJECT_ID [type = INTEGER][SQL/XOPEN type = 4][size = 10][dec. digits = 0]
[11 jun 2024 16:06:02]   Found column: NPO_ID [type = INTEGER][SQL/XOPEN type = 4][size = 10][dec. digits = 0]
[11 jun 2024 16:06:02] Retrieving primary keys for 'APP.PROJECT_NPO' [type = TABLE]
[11 jun 2024 16:06:02]   Found primary key column: PROJECT_ID
[11 jun 2024 16:06:02] Retrieving columns for 'APP.REWARDS' [type = TABLE]
[11 jun 2024 16:06:02]   Found column: REWARDS_ID [type = INTEGER][SQL/XOPEN type = 4][size = 10][dec. digits = 0]
[11 jun 2024 16:06:02]   Found column: REWARDS_VALUES [type = VARCHAR][SQL/XOPEN type = 12][size = 255][dec. digits = 0]
[11 jun 2024 16:06:02] Retrieving primary keys for 'APP.REWARDS' [type = TABLE]
[11 jun 2024 16:06:02]   Found primary key column: REWARDS_ID
[11 jun 2024 16:06:02] Retrieving columns for 'APP.TASKS' [type = TABLE]
[11 jun 2024 16:06:02]   Found column: TASK_ID [type = INTEGER][SQL/XOPEN type = 4][size = 10][dec. digits = 0]
[11 jun 2024 16:06:02]   Found column: TASK_NAME [type = VARCHAR][SQL/XOPEN type = 12][size = 255][dec. digits = 0]
[11 jun 2024 16:06:02]   Found column: TASK_DESCRPTION [type = VARCHAR][SQL/XOPEN type = 12][size = 500][dec. digits = 0]
[11 jun 2024 16:06:02]   Found column: TASK_ADRESS [type = VARCHAR][SQL/XOPEN type = 12][size = 255][dec. digits = 0]
[11 jun 2024 16:06:02]   Found column: TASK_LOCATION [type = VARCHAR][SQL/XOPEN type = 12][size = 255][dec. digits = 0]
[11 jun 2024 16:06:02]   Found column: TASK_STATUS [type = INTEGER][SQL/XOPEN type = 4][size = 10][dec. digits = 0]
[11 jun 2024 16:06:02]   Found column: TASK_CREATEDDATE [type = TIMESTAMP][SQL/XOPEN type = 93][size = 26][dec. digits = 6]
[11 jun 2024 16:06:02]   Found column: TASK_MODIFIEDDATE [type = TIMESTAMP][SQL/XOPEN type = 93][size = 26][dec. digits = 6]
[11 jun 2024 16:06:02]   Found column: TASK_ENDDATE [type = TIMESTAMP][SQL/XOPEN type = 93][size = 26][dec. digits = 6]
[11 jun 2024 16:06:02]   Found column: TASK_REQUIREMENTS [type = VARCHAR][SQL/XOPEN type = 12][size = 255][dec. digits = 0]
[11 jun 2024 16:06:02]   Found column: TASK_COMPETENCE_FK_ID [type = INTEGER][SQL/XOPEN type = 4][size = 10][dec. digits = 0]
[11 jun 2024 16:06:02]   Found column: TASK_REWARDS_FK_ID [type = INTEGER][SQL/XOPEN type = 4][size = 10][dec. digits = 0]
[11 jun 2024 16:06:02]   Found column: TASK_PROJECT_FK_ID [type = INTEGER][SQL/XOPEN type = 4][size = 10][dec. digits = 0]
[11 jun 2024 16:06:02]   Found column: TASK_CATEGORY_FK_ID [type = INTEGER][SQL/XOPEN type = 4][size = 10][dec. digits = 0]
[11 jun 2024 16:06:02]   Found column: TASK_USERSTATUS [type = INTEGER][SQL/XOPEN type = 4][size = 10][dec. digits = 0]
[11 jun 2024 16:06:02]   Found column: TASK_STARTDATE [type = TIMESTAMP][SQL/XOPEN type = 93][size = 26][dec. digits = 6]
[11 jun 2024 16:06:02] Retrieving primary keys for 'APP.TASKS' [type = TABLE]
[11 jun 2024 16:06:02]   Found primary key column: TASK_ID
[11 jun 2024 16:06:02] Retrieving columns for 'APP.TASKS_NPO' [type = TABLE]
[11 jun 2024 16:06:02]   Found column: TASK_ID [type = INTEGER][SQL/XOPEN type = 4][size = 10][dec. digits = 0]
[11 jun 2024 16:06:02]   Found column: NPO_ID [type = INTEGER][SQL/XOPEN type = 4][size = 10][dec. digits = 0]
[11 jun 2024 16:06:02] Retrieving primary keys for 'APP.TASKS_NPO' [type = TABLE]
[11 jun 2024 16:06:02]   Found primary key column: TASK_ID
[11 jun 2024 16:06:02] Retrieving columns for 'APP.TASK_VOLUNTEER' [type = TABLE]
[11 jun 2024 16:06:02]   Found column: TASK_VOLUNTEER_VOLUNTEER_ID [type = INTEGER][SQL/XOPEN type = 4][size = 10][dec. digits = 0]
[11 jun 2024 16:06:02]   Found column: TASK_VOLUNTEER_TASK_ID [type = INTEGER][SQL/XOPEN type = 4][size = 10][dec. digits = 0]
[11 jun 2024 16:06:02] Retrieving primary keys for 'APP.TASK_VOLUNTEER' [type = TABLE]
[11 jun 2024 16:06:02]   Found primary key column: TASK_VOLUNTEER_VOLUNTEER_ID
[11 jun 2024 16:06:02] Retrieving columns for 'APP.USER' [type = TABLE]
[11 jun 2024 16:06:02]   Found column: OID [type = INTEGER][SQL/XOPEN type = 4][size = 10][dec. digits = 0]
[11 jun 2024 16:06:02]   Found column: USERNAME [type = VARCHAR][SQL/XOPEN type = 12][size = 255][dec. digits = 0]
[11 jun 2024 16:06:02]   Found column: PASSWORD [type = VARCHAR][SQL/XOPEN type = 12][size = 255][dec. digits = 0]
[11 jun 2024 16:06:02]   Found column: EMAIL [type = VARCHAR][SQL/XOPEN type = 12][size = 255][dec. digits = 0]
[11 jun 2024 16:06:02]   Found column: GROUP_OID [type = INTEGER][SQL/XOPEN type = 4][size = 10][dec. digits = 0]
[11 jun 2024 16:06:02] Retrieving primary keys for 'APP.USER' [type = TABLE]
[11 jun 2024 16:06:02]   Found primary key column: OID
[11 jun 2024 16:06:02] Retrieving columns for 'APP.USER_GROUP' [type = TABLE]
[11 jun 2024 16:06:02]   Found column: USER_OID [type = INTEGER][SQL/XOPEN type = 4][size = 10][dec. digits = 0]
[11 jun 2024 16:06:02]   Found column: GROUP_OID [type = INTEGER][SQL/XOPEN type = 4][size = 10][dec. digits = 0]
[11 jun 2024 16:06:02] Retrieving primary keys for 'APP.USER_GROUP' [type = TABLE]
[11 jun 2024 16:06:02]   Found primary key column: USER_OID
[11 jun 2024 16:06:02]   Found primary key column: GROUP_OID
[11 jun 2024 16:06:02] Retrieving columns for 'APP.VOLUNTEER' [type = TABLE]
[11 jun 2024 16:06:02]   Found column: VOLUNTEER_ID [type = INTEGER][SQL/XOPEN type = 4][size = 10][dec. digits = 0]
[11 jun 2024 16:06:02]   Found column: VOLUNTEER_NAME [type = VARCHAR][SQL/XOPEN type = 12][size = 255][dec. digits = 0]
[11 jun 2024 16:06:02]   Found column: VOLUNTEER_EMAILADDRESS [type = VARCHAR][SQL/XOPEN type = 12][size = 255][dec. digits = 0]
[11 jun 2024 16:06:02]   Found column: VOLUNUNTEER_PASSWORD [type = VARCHAR][SQL/XOPEN type = 12][size = 255][dec. digits = 0]
[11 jun 2024 16:06:02]   Found column: VOLUNTEER_PHONENUMBER [type = INTEGER][SQL/XOPEN type = 4][size = 10][dec. digits = 0]
[11 jun 2024 16:06:02]   Found column: VOLUNTEER_ADDRESS [type = VARCHAR][SQL/XOPEN type = 12][size = 255][dec. digits = 0]
[11 jun 2024 16:06:02]   Found column: VOLUNTEER_CATEGORY [type = VARCHAR][SQL/XOPEN type = 12][size = 255][dec. digits = 0]
[11 jun 2024 16:06:02]   Found column: VOLUNTEER_COMPETENCE_ID [type = INTEGER][SQL/XOPEN type = 4][size = 10][dec. digits = 0]
[11 jun 2024 16:06:02] Retrieving primary keys for 'APP.VOLUNTEER' [type = TABLE]
[11 jun 2024 16:06:02]   Found primary key column: VOLUNTEER_ID
[11 jun 2024 16:06:02] Retrieving columns for 'APP.PROJECTIDNAMEANDNPOID' [type = VIEW]
[11 jun 2024 16:06:02]   Found column: PROJECT_ID [type = INTEGER][SQL/XOPEN type = 4][size = 10][dec. digits = 0]
[11 jun 2024 16:06:02]   Found column: PROJECT_NAME [type = VARCHAR][SQL/XOPEN type = 12][size = 255][dec. digits = 0]
[11 jun 2024 16:06:02]   Found column: NPO_ID [type = INTEGER][SQL/XOPEN type = 4][size = 10][dec. digits = 0]
[11 jun 2024 16:06:02] Retrieving primary keys for 'APP.PROJECTIDNAMEANDNPOID' [type = VIEW]
[11 jun 2024 16:06:02] Retrieving columns for 'app.ADMINS' [type = TABLE]
[11 jun 2024 16:06:02]   Found column: ADMIN_ID [type = INTEGER][SQL/XOPEN type = 4][size = 10][dec. digits = 0]
[11 jun 2024 16:06:02]   Found column: ADMIN_NAME [type = VARCHAR][SQL/XOPEN type = 12][size = 255][dec. digits = 0]
[11 jun 2024 16:06:02]   Found column: ADMIN_PASSWORD [type = VARCHAR][SQL/XOPEN type = 12][size = 255][dec. digits = 0]
[11 jun 2024 16:06:02]   Found column: ADMIN_EMAIL [type = VARCHAR][SQL/XOPEN type = 12][size = 255][dec. digits = 0]
[11 jun 2024 16:06:02] Retrieving primary keys for 'app.ADMINS' [type = TABLE]
[11 jun 2024 16:06:02]   Found primary key column: ADMIN_ID
[11 jun 2024 16:06:02] Retrieving columns for 'app.CATEGORIES' [type = TABLE]
[11 jun 2024 16:06:02]   Found column: CATEGORIES_ID [type = INTEGER][SQL/XOPEN type = 4][size = 10][dec. digits = 0]
[11 jun 2024 16:06:02]   Found column: CATEGORIES_VALUES [type = VARCHAR][SQL/XOPEN type = 12][size = 255][dec. digits = 0]
[11 jun 2024 16:06:02] Retrieving primary keys for 'app.CATEGORIES' [type = TABLE]
[11 jun 2024 16:06:02]   Found primary key column: CATEGORIES_ID
[11 jun 2024 16:06:02] Retrieving columns for 'app.COMPETENCE' [type = TABLE]
[11 jun 2024 16:06:02]   Found column: COMPETENCE_ID [type = INTEGER][SQL/XOPEN type = 4][size = 10][dec. digits = 0]
[11 jun 2024 16:06:02]   Found column: COMPETENCE_VALUE [type = VARCHAR][SQL/XOPEN type = 12][size = 255][dec. digits = 0]
[11 jun 2024 16:06:02]   Found column: COMPETENCE_DATE_GIVEN [type = TIMESTAMP][SQL/XOPEN type = 93][size = 26][dec. digits = 6]
[11 jun 2024 16:06:02]   Found column: COMPETENCE_TASK_ID [type = INTEGER][SQL/XOPEN type = 4][size = 10][dec. digits = 0]
[11 jun 2024 16:06:02] Retrieving primary keys for 'app.COMPETENCE' [type = TABLE]
[11 jun 2024 16:06:02]   Found primary key column: COMPETENCE_ID
[11 jun 2024 16:06:02] Retrieving columns for 'app.FEEDBACK' [type = TABLE]
[11 jun 2024 16:06:02]   Found column: FEEDBACK_ID [type = INTEGER][SQL/XOPEN type = 4][size = 10][dec. digits = 0]
[11 jun 2024 16:06:02]   Found column: FEEDBACK_VOLUNTEER_ID [type = INTEGER][SQL/XOPEN type = 4][size = 10][dec. digits = 0]
[11 jun 2024 16:06:02]   Found column: FEEDBACK_TASK_ID [type = INTEGER][SQL/XOPEN type = 4][size = 10][dec. digits = 0]
[11 jun 2024 16:06:02]   Found column: FEEDBACK_VALUE [type = VARCHAR][SQL/XOPEN type = 12][size = 500][dec. digits = 0]
[11 jun 2024 16:06:02] Retrieving primary keys for 'app.FEEDBACK' [type = TABLE]
[11 jun 2024 16:06:02]   Found primary key column: FEEDBACK_ID
[11 jun 2024 16:06:02] Retrieving columns for 'app.GROUPS' [type = TABLE]
[11 jun 2024 16:06:02]   Found column: GROUP_ID [type = INTEGER][SQL/XOPEN type = 4][size = 10][dec. digits = 0]
[11 jun 2024 16:06:02]   Found column: GROUP_NAME [type = VARCHAR][SQL/XOPEN type = 12][size = 255][dec. digits = 0]
[11 jun 2024 16:06:02]   Found column: GROUP_DESCRIPTION [type = VARCHAR][SQL/XOPEN type = 12][size = 500][dec. digits = 0]
[11 jun 2024 16:06:02]   Found column: GROUP_ADDRESS [type = VARCHAR][SQL/XOPEN type = 12][size = 255][dec. digits = 0]
[11 jun 2024 16:06:02] Retrieving primary keys for 'app.GROUPS' [type = TABLE]
[11 jun 2024 16:06:02]   Found primary key column: GROUP_ID
[11 jun 2024 16:06:02] Retrieving columns for 'app.GROUP_VOLUNTEER' [type = TABLE]
[11 jun 2024 16:06:02]   Found column: GROUP_ID [type = INTEGER][SQL/XOPEN type = 4][size = 10][dec. digits = 0]
[11 jun 2024 16:06:02]   Found column: VOLUNTEER_ID [type = INTEGER][SQL/XOPEN type = 4][size = 10][dec. digits = 0]
[11 jun 2024 16:06:02] Retrieving primary keys for 'app.GROUP_VOLUNTEER' [type = TABLE]
[11 jun 2024 16:06:02]   Found primary key column: GROUP_ID
[11 jun 2024 16:06:02] Retrieving columns for 'app.NON_PROFIT_ORGANIZATION' [type = TABLE]
[11 jun 2024 16:06:02]   Found column: NPO_ID [type = INTEGER][SQL/XOPEN type = 4][size = 10][dec. digits = 0]
[11 jun 2024 16:06:02]   Found column: NPO_NAME [type = VARCHAR][SQL/XOPEN type = 12][size = 255][dec. digits = 0]
[11 jun 2024 16:06:02]   Found column: NPO_EMAIL [type = VARCHAR][SQL/XOPEN type = 12][size = 255][dec. digits = 0]
[11 jun 2024 16:06:02]   Found column: NPO_PASSWORD [type = VARCHAR][SQL/XOPEN type = 12][size = 255][dec. digits = 0]
[11 jun 2024 16:06:02]   Found column: NPO_PHONENUMBER [type = INTEGER][SQL/XOPEN type = 4][size = 10][dec. digits = 0]
[11 jun 2024 16:06:02]   Found column: NPO_ADDRESS [type = VARCHAR][SQL/XOPEN type = 12][size = 255][dec. digits = 0]
[11 jun 2024 16:06:02]   Found column: NPO_INFORMATION [type = VARCHAR][SQL/XOPEN type = 12][size = 500][dec. digits = 0]
[11 jun 2024 16:06:02]   Found column: NPO_CATEGORY [type = VARCHAR][SQL/XOPEN type = 12][size = 255][dec. digits = 0]
[11 jun 2024 16:06:02] Retrieving primary keys for 'app.NON_PROFIT_ORGANIZATION' [type = TABLE]
[11 jun 2024 16:06:02]   Found primary key column: NPO_ID
[11 jun 2024 16:06:02] Retrieving columns for 'app.PROJECT' [type = TABLE]
[11 jun 2024 16:06:02]   Found column: PROJECT_ID [type = INTEGER][SQL/XOPEN type = 4][size = 10][dec. digits = 0]
[11 jun 2024 16:06:02]   Found column: PROJECT_NAME [type = VARCHAR][SQL/XOPEN type = 12][size = 255][dec. digits = 0]
[11 jun 2024 16:06:02]   Found column: PROJECT_DESCRIPTION [type = VARCHAR][SQL/XOPEN type = 12][size = 500][dec. digits = 0]
[11 jun 2024 16:06:02]   Found column: PROJECT_ADDRESS [type = VARCHAR][SQL/XOPEN type = 12][size = 255][dec. digits = 0]
[11 jun 2024 16:06:02]   Found column: PROJECT_LOCATION [type = VARCHAR][SQL/XOPEN type = 12][size = 255][dec. digits = 0]
[11 jun 2024 16:06:02]   Found column: PROJECT_STATUS [type = INTEGER][SQL/XOPEN type = 4][size = 10][dec. digits = 0]
[11 jun 2024 16:06:02]   Found column: PROJECT_CREATED_DATE [type = DATE][SQL/XOPEN type = 91][size = 10][dec. digits = 0]
[11 jun 2024 16:06:02]   Found column: PROJECT_MODIFIED_DATE [type = DATE][SQL/XOPEN type = 91][size = 10][dec. digits = 0]
[11 jun 2024 16:06:02]   Found column: PROJECT_START_DATE [type = DATE][SQL/XOPEN type = 91][size = 10][dec. digits = 0]
[11 jun 2024 16:06:02]   Found column: PROJECT_END_DATE [type = DATE][SQL/XOPEN type = 91][size = 10][dec. digits = 0]
[11 jun 2024 16:06:02]   Found column: PROJECT_REQUIRMENTS [type = VARCHAR][SQL/XOPEN type = 12][size = 255][dec. digits = 0]
[11 jun 2024 16:06:02] Retrieving primary keys for 'app.PROJECT' [type = TABLE]
[11 jun 2024 16:06:02]   Found primary key column: PROJECT_ID
[11 jun 2024 16:06:02] Retrieving columns for 'app.PROJECT_NPO' [type = TABLE]
[11 jun 2024 16:06:02]   Found column: PROJECT_ID [type = INTEGER][SQL/XOPEN type = 4][size = 10][dec. digits = 0]
[11 jun 2024 16:06:02]   Found column: NPO_ID [type = INTEGER][SQL/XOPEN type = 4][size = 10][dec. digits = 0]
[11 jun 2024 16:06:02] Retrieving primary keys for 'app.PROJECT_NPO' [type = TABLE]
[11 jun 2024 16:06:02]   Found primary key column: PROJECT_ID
[11 jun 2024 16:06:02] Retrieving columns for 'app.REWARDS' [type = TABLE]
[11 jun 2024 16:06:02]   Found column: REWARDS_ID [type = INTEGER][SQL/XOPEN type = 4][size = 10][dec. digits = 0]
[11 jun 2024 16:06:02]   Found column: REWARDS_VALUES [type = VARCHAR][SQL/XOPEN type = 12][size = 255][dec. digits = 0]
[11 jun 2024 16:06:02] Retrieving primary keys for 'app.REWARDS' [type = TABLE]
[11 jun 2024 16:06:02]   Found primary key column: REWARDS_ID
[11 jun 2024 16:06:02] Retrieving columns for 'app.TASKS' [type = TABLE]
[11 jun 2024 16:06:02]   Found column: TASK_ID [type = INTEGER][SQL/XOPEN type = 4][size = 10][dec. digits = 0]
[11 jun 2024 16:06:02]   Found column: TASK_NAME [type = VARCHAR][SQL/XOPEN type = 12][size = 255][dec. digits = 0]
[11 jun 2024 16:06:02]   Found column: TASK_DESCRPTION [type = VARCHAR][SQL/XOPEN type = 12][size = 500][dec. digits = 0]
[11 jun 2024 16:06:02]   Found column: TASK_ADRESS [type = VARCHAR][SQL/XOPEN type = 12][size = 255][dec. digits = 0]
[11 jun 2024 16:06:02]   Found column: TASK_LOCATION [type = VARCHAR][SQL/XOPEN type = 12][size = 255][dec. digits = 0]
[11 jun 2024 16:06:02]   Found column: TASK_STATUS [type = INTEGER][SQL/XOPEN type = 4][size = 10][dec. digits = 0]
[11 jun 2024 16:06:02]   Found column: TASK_CREATEDDATE [type = TIMESTAMP][SQL/XOPEN type = 93][size = 26][dec. digits = 6]
[11 jun 2024 16:06:02]   Found column: TASK_MODIFIEDDATE [type = TIMESTAMP][SQL/XOPEN type = 93][size = 26][dec. digits = 6]
[11 jun 2024 16:06:02]   Found column: TASK_ENDDATE [type = TIMESTAMP][SQL/XOPEN type = 93][size = 26][dec. digits = 6]
[11 jun 2024 16:06:02]   Found column: TASK_REQUIREMENTS [type = VARCHAR][SQL/XOPEN type = 12][size = 255][dec. digits = 0]
[11 jun 2024 16:06:02]   Found column: TASK_COMPETENCE_FK_ID [type = INTEGER][SQL/XOPEN type = 4][size = 10][dec. digits = 0]
[11 jun 2024 16:06:02]   Found column: TASK_REWARDS_FK_ID [type = INTEGER][SQL/XOPEN type = 4][size = 10][dec. digits = 0]
[11 jun 2024 16:06:02]   Found column: TASK_PROJECT_FK_ID [type = INTEGER][SQL/XOPEN type = 4][size = 10][dec. digits = 0]
[11 jun 2024 16:06:02]   Found column: TASK_CATEGORY_FK_ID [type = INTEGER][SQL/XOPEN type = 4][size = 10][dec. digits = 0]
[11 jun 2024 16:06:02]   Found column: TASK_USERSTATUS [type = INTEGER][SQL/XOPEN type = 4][size = 10][dec. digits = 0]
[11 jun 2024 16:06:02]   Found column: TASK_STARTDATE [type = TIMESTAMP][SQL/XOPEN type = 93][size = 26][dec. digits = 6]
[11 jun 2024 16:06:02] Retrieving primary keys for 'app.TASKS' [type = TABLE]
[11 jun 2024 16:06:02]   Found primary key column: TASK_ID
[11 jun 2024 16:06:02] Retrieving columns for 'app.TASKS_NPO' [type = TABLE]
[11 jun 2024 16:06:02]   Found column: TASK_ID [type = INTEGER][SQL/XOPEN type = 4][size = 10][dec. digits = 0]
[11 jun 2024 16:06:02]   Found column: NPO_ID [type = INTEGER][SQL/XOPEN type = 4][size = 10][dec. digits = 0]
[11 jun 2024 16:06:02] Retrieving primary keys for 'app.TASKS_NPO' [type = TABLE]
[11 jun 2024 16:06:02]   Found primary key column: TASK_ID
[11 jun 2024 16:06:02] Retrieving columns for 'app.TASK_VOLUNTEER' [type = TABLE]
[11 jun 2024 16:06:02]   Found column: TASK_VOLUNTEER_VOLUNTEER_ID [type = INTEGER][SQL/XOPEN type = 4][size = 10][dec. digits = 0]
[11 jun 2024 16:06:02]   Found column: TASK_VOLUNTEER_TASK_ID [type = INTEGER][SQL/XOPEN type = 4][size = 10][dec. digits = 0]
[11 jun 2024 16:06:02] Retrieving primary keys for 'app.TASK_VOLUNTEER' [type = TABLE]
[11 jun 2024 16:06:02]   Found primary key column: TASK_VOLUNTEER_VOLUNTEER_ID
[11 jun 2024 16:06:02] Retrieving columns for 'app.VOLUNTEER' [type = TABLE]
[11 jun 2024 16:06:02]   Found column: VOLUNTEER_ID [type = INTEGER][SQL/XOPEN type = 4][size = 10][dec. digits = 0]
[11 jun 2024 16:06:02]   Found column: VOLUNTEER_NAME [type = VARCHAR][SQL/XOPEN type = 12][size = 255][dec. digits = 0]
[11 jun 2024 16:06:02]   Found column: VOLUNTEER_EMAILADDRESS [type = VARCHAR][SQL/XOPEN type = 12][size = 255][dec. digits = 0]
[11 jun 2024 16:06:02]   Found column: VOLUNTEER_PASSWORD [type = VARCHAR][SQL/XOPEN type = 12][size = 255][dec. digits = 0]
[11 jun 2024 16:06:02]   Found column: VOLUNTEER_PHONENUMBER [type = INTEGER][SQL/XOPEN type = 4][size = 10][dec. digits = 0]
[11 jun 2024 16:06:02]   Found column: VOLUNTEER_ADDRESS [type = VARCHAR][SQL/XOPEN type = 12][size = 255][dec. digits = 0]
[11 jun 2024 16:06:02]   Found column: VOLUNTEER_CATEGORY [type = VARCHAR][SQL/XOPEN type = 12][size = 255][dec. digits = 0]
[11 jun 2024 16:06:02]   Found column: VOLUNTEER_COMPETENCE_ID [type = INTEGER][SQL/XOPEN type = 4][size = 10][dec. digits = 0]
[11 jun 2024 16:06:02] Retrieving primary keys for 'app.VOLUNTEER' [type = TABLE]
[11 jun 2024 16:06:02]   Found primary key column: VOLUNTEER_ID
[11 jun 2024 16:06:02] Retrieving foreign keys for 'APP.ADMINS' [type = TABLE]
[11 jun 2024 16:06:02] Retrieving foreign keys for 'APP.CATEGORIES' [type = TABLE]
[11 jun 2024 16:06:02] Retrieving foreign keys for 'APP.COMPETENCE' [type = TABLE]
[11 jun 2024 16:06:02] Retrieving foreign keys for 'APP.FEEDBACK' [type = TABLE]
[11 jun 2024 16:06:02] Retrieving foreign keys for 'APP.GROUP' [type = TABLE]
[11 jun 2024 16:06:02]   Found foreign key: column MODULE_OID references MODULE(OID)
[11 jun 2024 16:06:02] Retrieving foreign keys for 'APP.GROUPS' [type = TABLE]
[11 jun 2024 16:06:02] Retrieving foreign keys for 'APP.GROUP_MODULE' [type = TABLE]
[11 jun 2024 16:06:02]   Found foreign key: column GROUP_OID references GROUP(OID)
[11 jun 2024 16:06:02]   Found foreign key: column MODULE_OID references MODULE(OID)
[11 jun 2024 16:06:02] Retrieving foreign keys for 'APP.GROUP_VOLUNTEER' [type = TABLE]
[11 jun 2024 16:06:02] Retrieving foreign keys for 'APP.MODULE' [type = TABLE]
[11 jun 2024 16:06:02] Retrieving foreign keys for 'APP.NON_PROFIT_ORGANIZATION' [type = TABLE]
[11 jun 2024 16:06:02] Retrieving foreign keys for 'APP.PROJECT' [type = TABLE]
[11 jun 2024 16:06:02] Retrieving foreign keys for 'APP.PROJECT_NPO' [type = TABLE]
[11 jun 2024 16:06:02] Retrieving foreign keys for 'APP.REWARDS' [type = TABLE]
[11 jun 2024 16:06:02] Retrieving foreign keys for 'APP.TASKS' [type = TABLE]
[11 jun 2024 16:06:02] Retrieving foreign keys for 'APP.TASKS_NPO' [type = TABLE]
[11 jun 2024 16:06:02] Retrieving foreign keys for 'APP.TASK_VOLUNTEER' [type = TABLE]
[11 jun 2024 16:06:02] Retrieving foreign keys for 'APP.USER' [type = TABLE]
[11 jun 2024 16:06:02]   Found foreign key: column GROUP_OID references GROUP(OID)
[11 jun 2024 16:06:02] Retrieving foreign keys for 'APP.USER_GROUP' [type = TABLE]
[11 jun 2024 16:06:02]   Found foreign key: column GROUP_OID references GROUP(OID)
[11 jun 2024 16:06:02]   Found foreign key: column USER_OID references USER(OID)
[11 jun 2024 16:06:02] Retrieving foreign keys for 'APP.VOLUNTEER' [type = TABLE]
[11 jun 2024 16:06:02] Retrieving foreign keys for 'APP.PROJECTIDNAMEANDNPOID' [type = VIEW]
[11 jun 2024 16:06:02] Retrieving foreign keys for 'app.ADMINS' [type = TABLE]
[11 jun 2024 16:06:02] Retrieving foreign keys for 'app.CATEGORIES' [type = TABLE]
[11 jun 2024 16:06:02] Retrieving foreign keys for 'app.COMPETENCE' [type = TABLE]
[11 jun 2024 16:06:02] Retrieving foreign keys for 'app.FEEDBACK' [type = TABLE]
[11 jun 2024 16:06:02] Retrieving foreign keys for 'app.GROUPS' [type = TABLE]
[11 jun 2024 16:06:02] Retrieving foreign keys for 'app.GROUP_VOLUNTEER' [type = TABLE]
[11 jun 2024 16:06:02] Retrieving foreign keys for 'app.NON_PROFIT_ORGANIZATION' [type = TABLE]
[11 jun 2024 16:06:02] Retrieving foreign keys for 'app.PROJECT' [type = TABLE]
[11 jun 2024 16:06:02] Retrieving foreign keys for 'app.PROJECT_NPO' [type = TABLE]
[11 jun 2024 16:06:02] Retrieving foreign keys for 'app.REWARDS' [type = TABLE]
[11 jun 2024 16:06:02] Retrieving foreign keys for 'app.TASKS' [type = TABLE]
[11 jun 2024 16:06:02] Retrieving foreign keys for 'app.TASKS_NPO' [type = TABLE]
[11 jun 2024 16:06:02] Retrieving foreign keys for 'app.TASK_VOLUNTEER' [type = TABLE]
[11 jun 2024 16:06:02] Retrieving foreign keys for 'app.VOLUNTEER' [type = TABLE]
[11 jun 2024 16:06:02] Database metadata retrieved (256 ms)
[11 jun 2024 16:06:02] Database connection closed
